<?xml version="1.0" encoding="UTF-8"?>
<testsuite xmlns:xsi="http://www.w3.org/2001/XMLSchema-instance" xsi:noNamespaceSchemaLocation="https://maven.apache.org/surefire/maven-surefire-plugin/xsd/surefire-test-report-3.0.xsd" version="3.0" name="me.frigidambiance.WebSocket.WebSocketServerTest" time="1.814" tests="1" errors="0" skipped="0" failures="0">
  <properties>
    <property name="java.specification.version" value="21"/>
    <property name="sun.cpu.isalist" value="amd64"/>
    <property name="sun.jnu.encoding" value="Cp1252"/>
    <property name="java.class.path" value="C:\Users\srcth\OneDrive\Documents\Projects\tales-of-the-terminal\target\test-classes;C:\Users\srcth\OneDrive\Documents\Projects\tales-of-the-terminal\target\classes;C:\Users\srcth\.m2\repository\org\junit\jupiter\junit-jupiter\5.9.3\junit-jupiter-5.9.3.jar;C:\Users\srcth\.m2\repository\org\junit\jupiter\junit-jupiter-api\5.9.3\junit-jupiter-api-5.9.3.jar;C:\Users\srcth\.m2\repository\org\opentest4j\opentest4j\1.2.0\opentest4j-1.2.0.jar;C:\Users\srcth\.m2\repository\org\junit\platform\junit-platform-commons\1.9.3\junit-platform-commons-1.9.3.jar;C:\Users\srcth\.m2\repository\org\apiguardian\apiguardian-api\1.1.2\apiguardian-api-1.1.2.jar;C:\Users\srcth\.m2\repository\org\junit\jupiter\junit-jupiter-params\5.9.3\junit-jupiter-params-5.9.3.jar;C:\Users\srcth\.m2\repository\org\junit\jupiter\junit-jupiter-engine\5.9.3\junit-jupiter-engine-5.9.3.jar;C:\Users\srcth\.m2\repository\org\junit\platform\junit-platform-engine\1.9.3\junit-platform-engine-1.9.3.jar;C:\Users\srcth\.m2\repository\org\mockito\mockito-core\5.12.0\mockito-core-5.12.0.jar;C:\Users\srcth\.m2\repository\net\bytebuddy\byte-buddy\1.14.15\byte-buddy-1.14.15.jar;C:\Users\srcth\.m2\repository\net\bytebuddy\byte-buddy-agent\1.14.15\byte-buddy-agent-1.14.15.jar;C:\Users\srcth\.m2\repository\org\objenesis\objenesis\3.3\objenesis-3.3.jar;C:\Users\srcth\.m2\repository\junit\junit\3.8.1\junit-3.8.1.jar;C:\Users\srcth\.m2\repository\javax\websocket\javax.websocket-api\1.1\javax.websocket-api-1.1.jar;C:\Users\srcth\.m2\repository\io\netty\netty-all\4.1.108.Final\netty-all-4.1.108.Final.jar;C:\Users\srcth\.m2\repository\io\netty\netty-buffer\4.1.108.Final\netty-buffer-4.1.108.Final.jar;C:\Users\srcth\.m2\repository\io\netty\netty-codec\4.1.108.Final\netty-codec-4.1.108.Final.jar;C:\Users\srcth\.m2\repository\io\netty\netty-codec-dns\4.1.108.Final\netty-codec-dns-4.1.108.Final.jar;C:\Users\srcth\.m2\repository\io\netty\netty-codec-haproxy\4.1.108.Final\netty-codec-haproxy-4.1.108.Final.jar;C:\Users\srcth\.m2\repository\io\netty\netty-codec-http\4.1.108.Final\netty-codec-http-4.1.108.Final.jar;C:\Users\srcth\.m2\repository\io\netty\netty-codec-http2\4.1.108.Final\netty-codec-http2-4.1.108.Final.jar;C:\Users\srcth\.m2\repository\io\netty\netty-codec-memcache\4.1.108.Final\netty-codec-memcache-4.1.108.Final.jar;C:\Users\srcth\.m2\repository\io\netty\netty-codec-mqtt\4.1.108.Final\netty-codec-mqtt-4.1.108.Final.jar;C:\Users\srcth\.m2\repository\io\netty\netty-codec-redis\4.1.108.Final\netty-codec-redis-4.1.108.Final.jar;C:\Users\srcth\.m2\repository\io\netty\netty-codec-smtp\4.1.108.Final\netty-codec-smtp-4.1.108.Final.jar;C:\Users\srcth\.m2\repository\io\netty\netty-codec-socks\4.1.108.Final\netty-codec-socks-4.1.108.Final.jar;C:\Users\srcth\.m2\repository\io\netty\netty-codec-stomp\4.1.108.Final\netty-codec-stomp-4.1.108.Final.jar;C:\Users\srcth\.m2\repository\io\netty\netty-codec-xml\4.1.108.Final\netty-codec-xml-4.1.108.Final.jar;C:\Users\srcth\.m2\repository\io\netty\netty-common\4.1.108.Final\netty-common-4.1.108.Final.jar;C:\Users\srcth\.m2\repository\io\netty\netty-handler\4.1.108.Final\netty-handler-4.1.108.Final.jar;C:\Users\srcth\.m2\repository\io\netty\netty-transport-native-unix-common\4.1.108.Final\netty-transport-native-unix-common-4.1.108.Final.jar;C:\Users\srcth\.m2\repository\io\netty\netty-handler-proxy\4.1.108.Final\netty-handler-proxy-4.1.108.Final.jar;C:\Users\srcth\.m2\repository\io\netty\netty-handler-ssl-ocsp\4.1.108.Final\netty-handler-ssl-ocsp-4.1.108.Final.jar;C:\Users\srcth\.m2\repository\io\netty\netty-resolver\4.1.108.Final\netty-resolver-4.1.108.Final.jar;C:\Users\srcth\.m2\repository\io\netty\netty-resolver-dns\4.1.108.Final\netty-resolver-dns-4.1.108.Final.jar;C:\Users\srcth\.m2\repository\io\netty\netty-transport\4.1.108.Final\netty-transport-4.1.108.Final.jar;C:\Users\srcth\.m2\repository\io\netty\netty-transport-rxtx\4.1.108.Final\netty-transport-rxtx-4.1.108.Final.jar;C:\Users\srcth\.m2\repository\io\netty\netty-transport-sctp\4.1.108.Final\netty-transport-sctp-4.1.108.Final.jar;C:\Users\srcth\.m2\repository\io\netty\netty-transport-udt\4.1.108.Final\netty-transport-udt-4.1.108.Final.jar;C:\Users\srcth\.m2\repository\io\netty\netty-transport-classes-epoll\4.1.108.Final\netty-transport-classes-epoll-4.1.108.Final.jar;C:\Users\srcth\.m2\repository\io\netty\netty-transport-classes-kqueue\4.1.108.Final\netty-transport-classes-kqueue-4.1.108.Final.jar;C:\Users\srcth\.m2\repository\io\netty\netty-resolver-dns-classes-macos\4.1.108.Final\netty-resolver-dns-classes-macos-4.1.108.Final.jar;C:\Users\srcth\.m2\repository\io\netty\netty-transport-native-epoll\4.1.108.Final\netty-transport-native-epoll-4.1.108.Final-linux-x86_64.jar;C:\Users\srcth\.m2\repository\io\netty\netty-transport-native-epoll\4.1.108.Final\netty-transport-native-epoll-4.1.108.Final-linux-aarch_64.jar;C:\Users\srcth\.m2\repository\io\netty\netty-transport-native-epoll\4.1.108.Final\netty-transport-native-epoll-4.1.108.Final-linux-riscv64.jar;C:\Users\srcth\.m2\repository\io\netty\netty-transport-native-kqueue\4.1.108.Final\netty-transport-native-kqueue-4.1.108.Final-osx-x86_64.jar;C:\Users\srcth\.m2\repository\io\netty\netty-transport-native-kqueue\4.1.108.Final\netty-transport-native-kqueue-4.1.108.Final-osx-aarch_64.jar;C:\Users\srcth\.m2\repository\io\netty\netty-resolver-dns-native-macos\4.1.108.Final\netty-resolver-dns-native-macos-4.1.108.Final-osx-x86_64.jar;C:\Users\srcth\.m2\repository\io\netty\netty-resolver-dns-native-macos\4.1.108.Final\netty-resolver-dns-native-macos-4.1.108.Final-osx-aarch_64.jar;"/>
    <property name="java.vm.vendor" value="Oracle Corporation"/>
    <property name="sun.arch.data.model" value="64"/>
    <property name="user.variant" value=""/>
    <property name="java.vendor.url" value="https://java.oracle.com/"/>
    <property name="user.timezone" value="America/New_York"/>
    <property name="os.name" value="Windows 11"/>
    <property name="java.vm.specification.version" value="21"/>
    <property name="sun.java.launcher" value="SUN_STANDARD"/>
    <property name="user.country" value="US"/>
    <property name="sun.boot.library.path" value="C:\Users\srcth\scoop\apps\openjdk21\current\bin"/>
    <property name="sun.java.command" value="C:\Users\srcth\AppData\Local\Temp\surefire11888008994271469227\surefirebooter-20250423224157878_3.jar C:\Users\srcth\AppData\Local\Temp\surefire11888008994271469227 2025-04-23T22-41-57_770-jvmRun1 surefire-20250423224157878_1tmp surefire_0-20250423224157878_2tmp"/>
    <property name="jdk.debug" value="release"/>
    <property name="surefire.test.class.path" value="C:\Users\srcth\OneDrive\Documents\Projects\tales-of-the-terminal\target\test-classes;C:\Users\srcth\OneDrive\Documents\Projects\tales-of-the-terminal\target\classes;C:\Users\srcth\.m2\repository\org\junit\jupiter\junit-jupiter\5.9.3\junit-jupiter-5.9.3.jar;C:\Users\srcth\.m2\repository\org\junit\jupiter\junit-jupiter-api\5.9.3\junit-jupiter-api-5.9.3.jar;C:\Users\srcth\.m2\repository\org\opentest4j\opentest4j\1.2.0\opentest4j-1.2.0.jar;C:\Users\srcth\.m2\repository\org\junit\platform\junit-platform-commons\1.9.3\junit-platform-commons-1.9.3.jar;C:\Users\srcth\.m2\repository\org\apiguardian\apiguardian-api\1.1.2\apiguardian-api-1.1.2.jar;C:\Users\srcth\.m2\repository\org\junit\jupiter\junit-jupiter-params\5.9.3\junit-jupiter-params-5.9.3.jar;C:\Users\srcth\.m2\repository\org\junit\jupiter\junit-jupiter-engine\5.9.3\junit-jupiter-engine-5.9.3.jar;C:\Users\srcth\.m2\repository\org\junit\platform\junit-platform-engine\1.9.3\junit-platform-engine-1.9.3.jar;C:\Users\srcth\.m2\repository\org\mockito\mockito-core\5.12.0\mockito-core-5.12.0.jar;C:\Users\srcth\.m2\repository\net\bytebuddy\byte-buddy\1.14.15\byte-buddy-1.14.15.jar;C:\Users\srcth\.m2\repository\net\bytebuddy\byte-buddy-agent\1.14.15\byte-buddy-agent-1.14.15.jar;C:\Users\srcth\.m2\repository\org\objenesis\objenesis\3.3\objenesis-3.3.jar;C:\Users\srcth\.m2\repository\junit\junit\3.8.1\junit-3.8.1.jar;C:\Users\srcth\.m2\repository\javax\websocket\javax.websocket-api\1.1\javax.websocket-api-1.1.jar;C:\Users\srcth\.m2\repository\io\netty\netty-all\4.1.108.Final\netty-all-4.1.108.Final.jar;C:\Users\srcth\.m2\repository\io\netty\netty-buffer\4.1.108.Final\netty-buffer-4.1.108.Final.jar;C:\Users\srcth\.m2\repository\io\netty\netty-codec\4.1.108.Final\netty-codec-4.1.108.Final.jar;C:\Users\srcth\.m2\repository\io\netty\netty-codec-dns\4.1.108.Final\netty-codec-dns-4.1.108.Final.jar;C:\Users\srcth\.m2\repository\io\netty\netty-codec-haproxy\4.1.108.Final\netty-codec-haproxy-4.1.108.Final.jar;C:\Users\srcth\.m2\repository\io\netty\netty-codec-http\4.1.108.Final\netty-codec-http-4.1.108.Final.jar;C:\Users\srcth\.m2\repository\io\netty\netty-codec-http2\4.1.108.Final\netty-codec-http2-4.1.108.Final.jar;C:\Users\srcth\.m2\repository\io\netty\netty-codec-memcache\4.1.108.Final\netty-codec-memcache-4.1.108.Final.jar;C:\Users\srcth\.m2\repository\io\netty\netty-codec-mqtt\4.1.108.Final\netty-codec-mqtt-4.1.108.Final.jar;C:\Users\srcth\.m2\repository\io\netty\netty-codec-redis\4.1.108.Final\netty-codec-redis-4.1.108.Final.jar;C:\Users\srcth\.m2\repository\io\netty\netty-codec-smtp\4.1.108.Final\netty-codec-smtp-4.1.108.Final.jar;C:\Users\srcth\.m2\repository\io\netty\netty-codec-socks\4.1.108.Final\netty-codec-socks-4.1.108.Final.jar;C:\Users\srcth\.m2\repository\io\netty\netty-codec-stomp\4.1.108.Final\netty-codec-stomp-4.1.108.Final.jar;C:\Users\srcth\.m2\repository\io\netty\netty-codec-xml\4.1.108.Final\netty-codec-xml-4.1.108.Final.jar;C:\Users\srcth\.m2\repository\io\netty\netty-common\4.1.108.Final\netty-common-4.1.108.Final.jar;C:\Users\srcth\.m2\repository\io\netty\netty-handler\4.1.108.Final\netty-handler-4.1.108.Final.jar;C:\Users\srcth\.m2\repository\io\netty\netty-transport-native-unix-common\4.1.108.Final\netty-transport-native-unix-common-4.1.108.Final.jar;C:\Users\srcth\.m2\repository\io\netty\netty-handler-proxy\4.1.108.Final\netty-handler-proxy-4.1.108.Final.jar;C:\Users\srcth\.m2\repository\io\netty\netty-handler-ssl-ocsp\4.1.108.Final\netty-handler-ssl-ocsp-4.1.108.Final.jar;C:\Users\srcth\.m2\repository\io\netty\netty-resolver\4.1.108.Final\netty-resolver-4.1.108.Final.jar;C:\Users\srcth\.m2\repository\io\netty\netty-resolver-dns\4.1.108.Final\netty-resolver-dns-4.1.108.Final.jar;C:\Users\srcth\.m2\repository\io\netty\netty-transport\4.1.108.Final\netty-transport-4.1.108.Final.jar;C:\Users\srcth\.m2\repository\io\netty\netty-transport-rxtx\4.1.108.Final\netty-transport-rxtx-4.1.108.Final.jar;C:\Users\srcth\.m2\repository\io\netty\netty-transport-sctp\4.1.108.Final\netty-transport-sctp-4.1.108.Final.jar;C:\Users\srcth\.m2\repository\io\netty\netty-transport-udt\4.1.108.Final\netty-transport-udt-4.1.108.Final.jar;C:\Users\srcth\.m2\repository\io\netty\netty-transport-classes-epoll\4.1.108.Final\netty-transport-classes-epoll-4.1.108.Final.jar;C:\Users\srcth\.m2\repository\io\netty\netty-transport-classes-kqueue\4.1.108.Final\netty-transport-classes-kqueue-4.1.108.Final.jar;C:\Users\srcth\.m2\repository\io\netty\netty-resolver-dns-classes-macos\4.1.108.Final\netty-resolver-dns-classes-macos-4.1.108.Final.jar;C:\Users\srcth\.m2\repository\io\netty\netty-transport-native-epoll\4.1.108.Final\netty-transport-native-epoll-4.1.108.Final-linux-x86_64.jar;C:\Users\srcth\.m2\repository\io\netty\netty-transport-native-epoll\4.1.108.Final\netty-transport-native-epoll-4.1.108.Final-linux-aarch_64.jar;C:\Users\srcth\.m2\repository\io\netty\netty-transport-native-epoll\4.1.108.Final\netty-transport-native-epoll-4.1.108.Final-linux-riscv64.jar;C:\Users\srcth\.m2\repository\io\netty\netty-transport-native-kqueue\4.1.108.Final\netty-transport-native-kqueue-4.1.108.Final-osx-x86_64.jar;C:\Users\srcth\.m2\repository\io\netty\netty-transport-native-kqueue\4.1.108.Final\netty-transport-native-kqueue-4.1.108.Final-osx-aarch_64.jar;C:\Users\srcth\.m2\repository\io\netty\netty-resolver-dns-native-macos\4.1.108.Final\netty-resolver-dns-native-macos-4.1.108.Final-osx-x86_64.jar;C:\Users\srcth\.m2\repository\io\netty\netty-resolver-dns-native-macos\4.1.108.Final\netty-resolver-dns-native-macos-4.1.108.Final-osx-aarch_64.jar;"/>
    <property name="sun.cpu.endian" value="little"/>
    <property name="user.home" value="C:\Users\srcth"/>
    <property name="user.language" value="en"/>
    <property name="java.specification.vendor" value="Oracle Corporation"/>
    <property name="java.version.date" value="2024-01-16"/>
    <property name="java.home" value="C:\Users\srcth\scoop\apps\openjdk21\current"/>
    <property name="file.separator" value="\"/>
    <property name="basedir" value="C:\Users\srcth\OneDrive\Documents\Projects\tales-of-the-terminal"/>
    <property name="java.vm.compressedOopsMode" value="Zero based"/>
    <property name="line.separator" value="&#10;"/>
    <property name="java.vm.specification.vendor" value="Oracle Corporation"/>
    <property name="java.specification.name" value="Java Platform API Specification"/>
    <property name="surefire.real.class.path" value="C:\Users\srcth\AppData\Local\Temp\surefire11888008994271469227\surefirebooter-20250423224157878_3.jar"/>
    <property name="user.script" value=""/>
    <property name="sun.management.compiler" value="HotSpot 64-Bit Tiered Compilers"/>
    <property name="java.runtime.version" value="21.0.2+13-58"/>
    <property name="user.name" value="srcth"/>
    <property name="stdout.encoding" value="Cp1252"/>
    <property name="path.separator" value=";"/>
    <property name="os.version" value="10.0"/>
    <property name="java.runtime.name" value="OpenJDK Runtime Environment"/>
    <property name="file.encoding" value="UTF-8"/>
    <property name="java.vm.name" value="OpenJDK 64-Bit Server VM"/>
    <property name="localRepository" value="C:\Users\srcth\.m2\repository"/>
    <property name="java.vendor.url.bug" value="https://bugreport.java.com/bugreport/"/>
    <property name="java.io.tmpdir" value="C:\Users\srcth\AppData\Local\Temp\"/>
    <property name="java.version" value="21.0.2"/>
    <property name="user.dir" value="C:\Users\srcth\OneDrive\Documents\Projects\tales-of-the-terminal"/>
    <property name="os.arch" value="amd64"/>
    <property name="java.vm.specification.name" value="Java Virtual Machine Specification"/>
    <property name="sun.os.patch.level" value=""/>
    <property name="native.encoding" value="Cp1252"/>
    <property name="java.library.path" value="C:\Users\srcth\scoop\apps\openjdk21\current\bin;C:\WINDOWS\Sun\Java\bin;C:\WINDOWS\system32;C:\WINDOWS;C:\Program Files\Microsoft Visual Studio\2022\Community\VC\Tools\MSVC\14.42.34433\bin\HostX64\x64;C:\Program Files\Microsoft Visual Studio\2022\Community\Common7\IDE\VC\VCPackages;C:\Program Files\Microsoft Visual Studio\2022\Community\Common7\IDE\CommonExtensions\Microsoft\TestWindow;C:\Program Files\Microsoft Visual Studio\2022\Community\Common7\IDE\CommonExtensions\Microsoft\TeamFoundation\Team Explorer;C:\Program Files\Microsoft Visual Studio\2022\Community\MSBuild\Current\bin\Roslyn;C:\Program Files (x86)\Microsoft SDKs\Windows\v10.0A\bin\NETFX 4.8 Tools\x64;C:\Program Files\Microsoft Visual Studio\2022\Community\Common7\IDE\CommonExtensions\Microsoft\FSharp\Tools;C:\Program Files\Microsoft Visual Studio\2022\Community\Team Tools\DiagnosticsHub\Collector;C:\Program Files (x86)\Windows Kits\10\bin\10.0.22621.0\x64;C:\Program Files (x86)\Windows Kits\10\bin\x64;C:\Program Files\Microsoft Visual Studio\2022\Community\MSBuild\Current\Bin\amd64;C:\Windows\Microsoft.NET\Framework64\v4.0.30319;C:\Program Files\Microsoft Visual Studio\2022\Community\Common7\IDE;C:\Program Files\Microsoft Visual Studio\2022\Community\Common7\Tools;C:\Users\srcth\scoop\apps\anaconda3\current\App\envs\dev;C:\Users\srcth\scoop\apps\anaconda3\current\App\envs\dev\Library\mingw-w64\bin;C:\Users\srcth\scoop\apps\anaconda3\current\App\envs\dev\Library\usr\bin;C:\Users\srcth\scoop\apps\anaconda3\current\App\envs\dev\Library\bin;C:\Users\srcth\scoop\apps\anaconda3\current\App\envs\dev\Scripts;C:\Users\srcth\scoop\apps\anaconda3\current\App\envs\dev\bin;C:\Users\srcth\scoop\apps\anaconda3\current\App\condabin;C:\Users\srcth\scoop\apps\pwsh\current;C:\Program Files\glzr.io\GlazeWM\cli;C:\WINDOWS\system32;C:\WINDOWS;C:\WINDOWS\System32\Wbem;C:\WINDOWS\System32\WindowsPowerShell\v1.0;C:\WINDOWS\System32\OpenSSH;C:\Program Files\Microsoft SQL Server\150\Tools\Binn;C:\Program Files\Microsoft SQL Server\Client SDK\ODBC\170\Tools\Binn;C:\Program Files\dotnet;C:\Program Files (x86)\Windows Kits\10\Windows Performance Toolkit;C:\Program Files\glzr.io\Zebar;C:\Users\srcth\scoop\apps\maven\current\bin;C:\Users\srcth\scoop\apps\openjdk21\current\bin;C:\Users\srcth\scoop\apps\rustup\current\.cargo\bin;C:\Users\srcth\scoop\apps\nvm\current;C:\Users\srcth\scoop\apps\nvm\current\nodejs\nodejs;C:\Users\srcth\scoop\apps\anaconda3\current\App\Scripts;C:\Users\srcth\scoop\shims;C:\Users\srcth\AppData\Local\Microsoft\WindowsApps;C:\Users\srcth\.dotnet\tools;C:\Program Files\Microsoft Visual Studio\2022\Community\Common7\IDE\CommonExtensions\Microsoft\CMake\CMake\bin;C:\Program Files\Microsoft Visual Studio\2022\Community\Common7\IDE\CommonExtensions\Microsoft\CMake\Ninja;C:\Program Files\Microsoft Visual Studio\2022\Community\Common7\IDE\VC\Linux\bin\ConnectionManagerExe;C:\Program Files\Microsoft Visual Studio\2022\Community\VC\vcpkg;."/>
    <property name="java.vm.info" value="mixed mode, sharing"/>
    <property name="stderr.encoding" value="Cp1252"/>
    <property name="java.vendor" value="Oracle Corporation"/>
    <property name="java.vm.version" value="21.0.2+13-58"/>
    <property name="sun.io.unicode.encoding" value="UnicodeLittle"/>
    <property name="java.class.version" value="65.0"/>
  </properties>
  <testcase name="testWebSocketEcho" classname="me.frigidambiance.WebSocket.WebSocketServerTest" time="0.295">
    <system-out><![CDATA[WebSocket server started at ws://localhost:8765
Hello
]]></system-out>
  </testcase>
</testsuite>